=== Phase Statistics (seq_len=2000) ===
omega: mean=-0.0258, std=1.8526, max=3.1416
phi_raw: mean=-15.61, std=582.31, max=2643.74
phi_bounded: mean=0.10, std=9.82, max=10.00
Saturation: 93.5% of positions have |phi| > 9.5
phi by position: [0]=0.33, [250]=10.00, [500]=10.00, [-1]=-10.00

=== Phase Statistics (seq_len=2000) ===
omega: mean=-0.0510, std=1.7918, max=3.1416
phi_raw: mean=-43.08, std=558.39, max=2408.39
phi_bounded: mean=-0.50, std=9.78, max=10.00
Saturation: 92.8% of positions have |phi| > 9.5
phi by position: [0]=0.16, [250]=-9.86, [500]=10.00, [-1]=10.00

=== Phase Statistics (seq_len=2000) ===
omega: mean=0.0317, std=1.7905, max=3.1416
phi_raw: mean=37.58, std=537.87, max=2585.16
phi_bounded: mean=0.34, std=9.74, max=10.00
Saturation: 91.4% of positions have |phi| > 9.5
phi by position: [0]=0.45, [250]=-10.00, [500]=-10.00, [-1]=-10.00

=== Phase Statistics (seq_len=2000) ===
omega: mean=-0.0574, std=1.8172, max=3.1416
phi_raw: mean=-31.67, std=487.77, max=2662.44
phi_bounded: mean=-0.67, std=9.73, max=10.00
Saturation: 91.3% of positions have |phi| > 9.5
phi by position: [0]=0.06, [250]=-9.97, [500]=-9.97, [-1]=-10.00

=== Phase Statistics (seq_len=2000) ===
omega: mean=0.0110, std=1.8307, max=3.1416
phi_raw: mean=-3.44, std=469.65, max=2456.63
phi_bounded: mean=-0.51, std=9.70, max=10.00
Saturation: 90.2% of positions have |phi| > 9.5
phi by position: [0]=-0.69, [250]=-10.00, [500]=-10.00, [-1]=10.00
2000                  0.0%
5000                  0.0%